# JRE version: Java(TM) SE Runtime Environment (22.0.2+9) (build 22.0.2+9-70)
# Java VM: Java HotSpot(TM) 64-Bit Server VM (22.0.2+9-70, mixed mode, sharing, tiered, compressed oops, compressed class ptrs, g1 gc, windows-amd64)
GC Precious Log:
 CardTable entry size: 512
 Card Set container configuration: InlinePtr #cards 5 size 8 Array Of Cards #cards 12 size 40 Howl #buckets 4 coarsen threshold 1843 Howl Bitmap #cards 512 size 80 coarsen threshold 460 Card regions per heap region 1 cards per card region 2048
 CPUs: 4 total, 4 available
 Memory: 8067M
 Large Page Support: Disabled
 NUMA Support: Disabled
 Compressed Oops: Enabled (32-bit)
 Heap Region Size: 1M
 Heap Min Capacity: 8M
 Heap Initial Capacity: 128M
 Heap Max Capacity: 2018M
 Pre-touch: Disabled
 Parallel Workers: 4
 Concurrent Workers: 1
 Concurrent Refinement Workers: 4
 Periodic GC: Disabled
Heap:
 garbage-first heap   total reserved 2066432K, committed 171008K, used 158925K [0x0000000081e00000, 0x0000000100000000)
  region size 1024K, 43 young (44032K), 1 survivors (1024K)
 Metaspace       used 27353K, committed 27968K, reserved 1114112K
  class space    used 3034K, committed 3328K, reserved 1048576K
GC Heap History (16 events):
Event: 5.918 GC heap before
{Heap before GC invocations=0 (full 0):
 garbage-first heap   total reserved 2066432K, committed 131072K, used 24576K [0x0000000081e00000, 0x0000000100000000)
  region size 1024K, 14 young (14336K), 0 survivors (0K)
 Metaspace       used 8102K, committed 8320K, reserved 1114112K
  class space    used 919K, committed 1024K, reserved 1048576K
}
Event: 5.926 GC heap after
{Heap after GC invocations=1 (full 0):
 garbage-first heap   total reserved 2066432K, committed 131072K, used 13408K [0x0000000081e00000, 0x0000000100000000)
  region size 1024K, 2 young (2048K), 2 survivors (2048K)
 Metaspace       used 8102K, committed 8320K, reserved 1114112K
  class space    used 919K, committed 1024K, reserved 1048576K
}
Event: 20.843 GC heap before
{Heap before GC invocations=1 (full 0):
 garbage-first heap   total reserved 2066432K, committed 131072K, used 34912K [0x0000000081e00000, 0x0000000100000000)
  region size 1024K, 20 young (20480K), 2 survivors (2048K)
 Metaspace       used 17342K, committed 17664K, reserved 1114112K
  class space    used 1966K, committed 2112K, reserved 1048576K
}
Event: 20.857 GC heap after
{Heap after GC invocations=2 (full 0):
 garbage-first heap   total reserved 2066432K, committed 131072K, used 20559K [0x0000000081e00000, 0x0000000100000000)
  region size 1024K, 3 young (3072K), 3 survivors (3072K)
 Metaspace       used 17342K, committed 17664K, reserved 1114112K
  class space    used 1966K, committed 2112K, reserved 1048576K
}
Event: 31.683 GC heap before
{Heap before GC invocations=2 (full 0):
 garbage-first heap   total reserved 2066432K, committed 131072K, used 108623K [0x0000000081e00000, 0x0000000100000000)
  region size 1024K, 52 young (53248K), 3 survivors (3072K)
 Metaspace       used 21261K, committed 21504K, reserved 1114112K
  class space    used 2375K, committed 2496K, reserved 1048576K
}
Event: 31.691 GC heap after
{Heap after GC invocations=3 (full 0):
 garbage-first heap   total reserved 2066432K, committed 131072K, used 64208K [0x0000000081e00000, 0x0000000100000000)
  region size 1024K, 7 young (7168K), 7 survivors (7168K)
 Metaspace       used 21261K, committed 21504K, reserved 1114112K
  class space    used 2375K, committed 2496K, reserved 1048576K
}
Event: 33.498 GC heap before
{Heap before GC invocations=4 (full 0):
 garbage-first heap   total reserved 2066432K, committed 131072K, used 111312K [0x0000000081e00000, 0x0000000100000000)
  region size 1024K, 57 young (58368K), 7 survivors (7168K)
 Metaspace       used 26466K, committed 27136K, reserved 1114112K
  class space    used 2989K, committed 3264K, reserved 1048576K
}
Event: 33.518 GC heap after
{Heap after GC invocations=5 (full 0):
 garbage-first heap   total reserved 2066432K, committed 131072K, used 66714K [0x0000000081e00000, 0x0000000100000000)
  region size 1024K, 8 young (8192K), 8 survivors (8192K)
 Metaspace       used 26466K, committed 27136K, reserved 1114112K
  class space    used 2989K, committed 3264K, reserved 1048576K
}
Event: 33.937 GC heap before
{Heap before GC invocations=5 (full 0):
 garbage-first heap   total reserved 2066432K, committed 131072K, used 113818K [0x0000000081e00000, 0x0000000100000000)
  region size 1024K, 55 young (56320K), 8 survivors (8192K)
 Metaspace       used 26619K, committed 27264K, reserved 1114112K
  class space    used 2994K, committed 3264K, reserved 1048576K
}
Event: 33.952 GC heap after
{Heap after GC invocations=6 (full 0):
 garbage-first heap   total reserved 2066432K, committed 131072K, used 73609K [0x0000000081e00000, 0x0000000100000000)
  region size 1024K, 7 young (7168K), 7 survivors (7168K)
 Metaspace       used 26619K, committed 27264K, reserved 1114112K
  class space    used 2994K, committed 3264K, reserved 1048576K
}
Event: 34.262 GC heap before
{Heap before GC invocations=7 (full 0):
 garbage-first heap   total reserved 2066432K, committed 131072K, used 127881K [0x0000000081e00000, 0x0000000100000000)
  region size 1024K, 47 young (48128K), 7 survivors (7168K)
 Metaspace       used 26619K, committed 27264K, reserved 1114112K
  class space    used 2994K, committed 3264K, reserved 1048576K
}
Event: 34.275 GC heap after
{Heap after GC invocations=8 (full 0):
 garbage-first heap   total reserved 2066432K, committed 140288K, used 91979K [0x0000000081e00000, 0x0000000100000000)
  region size 1024K, 4 young (4096K), 4 survivors (4096K)
 Metaspace       used 26619K, committed 27264K, reserved 1114112K
  class space    used 2994K, committed 3264K, reserved 1048576K
}
Event: 34.776 GC heap before
{Heap before GC invocations=8 (full 0):
 garbage-first heap   total reserved 2066432K, committed 140288K, used 128843K [0x0000000081e00000, 0x0000000100000000)
  region size 1024K, 39 young (39936K), 4 survivors (4096K)
 Metaspace       used 26702K, committed 27328K, reserved 1114112K
  class space    used 2996K, committed 3264K, reserved 1048576K
}
Event: 34.784 GC heap after
{Heap after GC invocations=9 (full 0):
 garbage-first heap   total reserved 2066432K, committed 140288K, used 97754K [0x0000000081e00000, 0x0000000100000000)
  region size 1024K, 5 young (5120K), 5 survivors (5120K)
 Metaspace       used 26702K, committed 27328K, reserved 1114112K
  class space    used 2996K, committed 3264K, reserved 1048576K
}
Event: 34.993 GC heap before
{Heap before GC invocations=9 (full 0):
 garbage-first heap   total reserved 2066432K, committed 140288K, used 102874K [0x0000000081e00000, 0x0000000100000000)
  region size 1024K, 11 young (11264K), 5 survivors (5120K)
 Metaspace       used 26779K, committed 27392K, reserved 1114112K
  class space    used 3000K, committed 3264K, reserved 1048576K
}
Event: 35.000 GC heap after
{Heap after GC invocations=10 (full 0):
 garbage-first heap   total reserved 2066432K, committed 168960K, used 98509K [0x0000000081e00000, 0x0000000100000000)
  region size 1024K, 1 young (1024K), 1 survivors (1024K)
 Metaspace       used 26779K, committed 27392K, reserved 1114112K
  class space    used 3000K, committed 3264K, reserved 1048576K
}

